2021-09-26 11:42:07 info: =================================
2021-09-26 11:42:07 info: ======= ENV: development =======
2021-09-26 11:42:07 info: 🚀 App listening on the port 3000
2021-09-26 11:42:07 info: =================================
2021-09-26 11:42:08 info: =================================
2021-09-26 11:42:08 info: ======= ENV: development =======
2021-09-26 11:42:08 info: 🚀 App listening on the port 3000
2021-09-26 11:42:08 info: =================================
2021-09-26 11:43:50 info: =================================
2021-09-26 11:43:50 info: ======= ENV: development =======
2021-09-26 11:43:50 info: 🚀 App listening on the port 3000
2021-09-26 11:43:50 info: =================================
2021-09-26 11:44:10 info: [0mGET /health [32m200[0m 5.185 ms - 2[0m
2021-09-26 11:44:34 info: =================================
2021-09-26 11:44:34 info: ======= ENV: development =======
2021-09-26 11:44:34 info: 🚀 App listening on the port 3000
2021-09-26 11:44:34 info: =================================
2021-09-26 11:44:35 info: [0mGET /health [32m200[0m 5.715 ms - 15[0m
2021-09-26 11:45:12 info: =================================
2021-09-26 11:45:12 info: ======= ENV: development =======
2021-09-26 11:45:12 info: 🚀 App listening on the port 3000
2021-09-26 11:45:12 info: =================================
2021-09-26 11:51:04 info: =================================
2021-09-26 11:51:04 info: ======= ENV: development =======
2021-09-26 11:51:04 info: 🚀 App listening on the port 3000
2021-09-26 11:51:04 info: =================================
2021-09-26 11:51:20 info: =================================
2021-09-26 11:51:20 info: ======= ENV: development =======
2021-09-26 11:51:20 info: 🚀 App listening on the port 3000
2021-09-26 11:51:20 info: =================================
2021-09-26 11:51:53 info: =================================
2021-09-26 11:51:53 info: ======= ENV: development =======
2021-09-26 11:51:53 info: 🚀 App listening on the port 3000
2021-09-26 11:51:53 info: =================================
2021-09-26 11:52:09 info: =================================
2021-09-26 11:52:09 info: ======= ENV: development =======
2021-09-26 11:52:09 info: 🚀 App listening on the port 3000
2021-09-26 11:52:09 info: =================================
2021-09-26 11:52:19 info: =================================
2021-09-26 11:52:19 info: ======= ENV: development =======
2021-09-26 11:52:19 info: 🚀 App listening on the port 3000
2021-09-26 11:52:19 info: =================================
2021-09-26 12:44:49 info: =================================
2021-09-26 12:44:49 info: ======= ENV: development =======
2021-09-26 12:44:49 info: 🚀 App listening on the port 3000
2021-09-26 12:44:49 info: =================================
2021-09-26 12:44:53 info: [0mGET /health [32m200[0m 5.592 ms - 15[0m
2021-09-26 12:45:04 info: [0mGET /buyout [33m404[0m 1.459 ms - 145[0m
2021-09-26 12:46:34 error: [POST] /buyout >> StatusCode:: 500, Message:: Cannot read property 'take' of undefined
2021-09-26 12:46:34 info: [0mPOST /buyout [31m500[0m 1009.839 ms - 54[0m
2021-09-26 12:47:32 info: =================================
2021-09-26 12:47:32 info: ======= ENV: development =======
2021-09-26 12:47:32 info: 🚀 App listening on the port 3000
2021-09-26 12:47:32 info: =================================
2021-09-26 12:47:50 info: =================================
2021-09-26 12:47:50 info: ======= ENV: development =======
2021-09-26 12:47:50 info: 🚀 App listening on the port 3000
2021-09-26 12:47:50 info: =================================
2021-09-26 12:47:53 error: [POST] /buyout >> StatusCode:: 500, Message:: Converting circular structure to JSON
    --> starting at object with constructor 'ClientRequest'
    |     property 'socket' -> object with constructor 'TLSSocket'
    --- property '_httpMessage' closes the circle
2021-09-26 12:47:53 info: [0mPOST /buyout [31m500[0m 443.702 ms - 231[0m
2021-09-26 12:48:13 info: =================================
2021-09-26 12:48:13 info: ======= ENV: development =======
2021-09-26 12:48:13 info: 🚀 App listening on the port 3000
2021-09-26 12:48:13 info: =================================
2021-09-26 12:48:16 error: [POST] /buyout >> StatusCode:: 500, Message:: Cannot read property 'emit' of undefined
2021-09-26 12:48:16 info: [0mPOST /buyout [31m500[0m 387.950 ms - 54[0m
2021-09-26 12:48:46 info: =================================
2021-09-26 12:48:46 info: ======= ENV: development =======
2021-09-26 12:48:46 info: 🚀 App listening on the port 3000
2021-09-26 12:48:46 info: =================================
2021-09-26 12:48:48 info: [0mPOST /buyout [32m200[0m 370.263 ms - 27[0m
2021-09-26 12:49:02 info: =================================
2021-09-26 12:49:02 info: ======= ENV: development =======
2021-09-26 12:49:02 info: 🚀 App listening on the port 3000
2021-09-26 12:49:02 info: =================================
2021-09-26 12:49:06 info: [0mPOST /buyout [32m200[0m 428.396 ms - 27[0m
2021-09-26 12:54:27 info: =================================
2021-09-26 12:54:27 info: ======= ENV: development =======
2021-09-26 12:54:27 info: 🚀 App listening on the port 3000
2021-09-26 12:54:27 info: =================================
2021-09-26 12:54:39 info: [0mPOST /buyout [32m200[0m 1541.030 ms - 18[0m
2021-09-26 12:56:42 info: =================================
2021-09-26 12:56:42 info: ======= ENV: development =======
2021-09-26 12:56:42 info: 🚀 App listening on the port 3000
2021-09-26 12:56:42 info: =================================
2021-09-26 12:56:47 info: [0mPOST /buyout [32m200[0m 1940.320 ms - 18[0m
2021-09-26 13:19:33 info: =================================
2021-09-26 13:19:33 info: ======= ENV: development =======
2021-09-26 13:19:33 info: 🚀 App listening on the port 3000
2021-09-26 13:19:33 info: =================================
2021-09-26 13:20:07 info: =================================
2021-09-26 13:20:07 info: ======= ENV: development =======
2021-09-26 13:20:07 info: 🚀 App listening on the port 3000
2021-09-26 13:20:07 info: =================================
2021-09-26 13:21:58 info: =================================
2021-09-26 13:21:58 info: ======= ENV: development =======
2021-09-26 13:21:58 info: 🚀 App listening on the port 3000
2021-09-26 13:21:58 info: =================================
2021-09-26 13:22:15 info: =================================
2021-09-26 13:22:15 info: ======= ENV: development =======
2021-09-26 13:22:15 info: 🚀 App listening on the port 3000
2021-09-26 13:22:15 info: =================================
2021-09-26 13:23:01 info: =================================
2021-09-26 13:23:01 info: ======= ENV: development =======
2021-09-26 13:23:01 info: 🚀 App listening on the port 3000
2021-09-26 13:23:01 info: =================================
2021-09-26 13:23:09 info: [0mPOST /buyout [32m200[0m 1271.945 ms - 66[0m
2021-09-26 13:26:31 error: [POST] /buyout >> StatusCode:: 500, Message:: Something went wrong
2021-09-26 13:26:31 info: [0mPOST /buyout [31m500[0m 835.638 ms - 34[0m
2021-09-26 13:31:19 info: =================================
2021-09-26 13:31:19 info: ======= ENV: development =======
2021-09-26 13:31:19 info: 🚀 App listening on the port 3000
2021-09-26 13:31:19 info: =================================
2021-09-26 13:31:34 info: =================================
2021-09-26 13:31:34 info: ======= ENV: development =======
2021-09-26 13:31:34 info: 🚀 App listening on the port 3000
2021-09-26 13:31:34 info: =================================
2021-09-26 13:31:41 error: [POST] /buyout >> StatusCode:: 500, Message:: Something went wrong
2021-09-26 13:31:41 info: [0mPOST /buyout [31m500[0m 1693.550 ms - 34[0m
